{"C:\\Users\\Intel\\Desktop\\Exercise\\23-topshiriq\\index.js": {"path":"C:\\Users\\Intel\\Desktop\\Exercise\\23-topshiriq\\index.js","statementMap":{"0":{"start":{"line":1,"column":16},"end":{"line":1,"column":34}},"1":{"start":{"line":2,"column":12},"end":{"line":2,"column":21}},"2":{"start":{"line":3,"column":16},"end":{"line":3,"column":34}},"3":{"start":{"line":4,"column":0},"end":{"line":4,"column":31}},"4":{"start":{"line":5,"column":0},"end":{"line":5,"column":33}},"5":{"start":{"line":6,"column":0},"end":{"line":6,"column":26}},"6":{"start":{"line":7,"column":0},"end":{"line":7,"column":30}},"7":{"start":{"line":9,"column":13},"end":{"line":9,"column":37}},"8":{"start":{"line":10,"column":15},"end":{"line":12,"column":2}},"9":{"start":{"line":11,"column":4},"end":{"line":11,"column":63}},"10":{"start":{"line":15,"column":0},"end":{"line":15,"column":24}}},"fnMap":{"0":{"name":"(anonymous_0)","decl":{"start":{"line":10,"column":32},"end":{"line":10,"column":33}},"loc":{"start":{"line":10,"column":38},"end":{"line":12,"column":1}},"line":10}},"branchMap":{"0":{"loc":{"start":{"line":9,"column":13},"end":{"line":9,"column":37}},"type":"binary-expr","locations":[{"start":{"line":9,"column":13},"end":{"line":9,"column":29}},{"start":{"line":9,"column":33},"end":{"line":9,"column":37}}],"line":9}},"s":{"0":1,"1":1,"2":1,"3":1,"4":1,"5":1,"6":1,"7":1,"8":1,"9":1,"10":1},"f":{"0":1},"b":{"0":[1,1]},"_coverageSchema":"1a1c01bbd47fc00a2c39e90264f33305004495a9","hash":"aaf681cce6633495e6021d48b98b3e87709709bc"}
,"C:\\Users\\Intel\\Desktop\\Exercise\\23-topshiriq\\middleware\\admin.js": {"path":"C:\\Users\\Intel\\Desktop\\Exercise\\23-topshiriq\\middleware\\admin.js","statementMap":{"0":{"start":{"line":1,"column":0},"end":{"line":6,"column":1}},"1":{"start":{"line":2,"column":4},"end":{"line":3,"column":59}},"2":{"start":{"line":3,"column":8},"end":{"line":3,"column":59}},"3":{"start":{"line":5,"column":4},"end":{"line":5,"column":11}}},"fnMap":{"0":{"name":"(anonymous_0)","decl":{"start":{"line":1,"column":17},"end":{"line":1,"column":18}},"loc":{"start":{"line":1,"column":43},"end":{"line":6,"column":1}},"line":1}},"branchMap":{"0":{"loc":{"start":{"line":2,"column":4},"end":{"line":3,"column":59}},"type":"if","locations":[{"start":{"line":2,"column":4},"end":{"line":3,"column":59}},{"start":{},"end":{}}],"line":2}},"s":{"0":1,"1":0,"2":0,"3":0},"f":{"0":0},"b":{"0":[0,0]},"_coverageSchema":"1a1c01bbd47fc00a2c39e90264f33305004495a9","hash":"843d756fe92774a579721f9699d0339d6f329482"}
,"C:\\Users\\Intel\\Desktop\\Exercise\\23-topshiriq\\middleware\\auth.js": {"path":"C:\\Users\\Intel\\Desktop\\Exercise\\23-topshiriq\\middleware\\auth.js","statementMap":{"0":{"start":{"line":1,"column":12},"end":{"line":1,"column":35}},"1":{"start":{"line":2,"column":15},"end":{"line":2,"column":32}},"2":{"start":{"line":5,"column":0},"end":{"line":19,"column":1}},"3":{"start":{"line":6,"column":18},"end":{"line":6,"column":44}},"4":{"start":{"line":7,"column":4},"end":{"line":8,"column":88}},"5":{"start":{"line":8,"column":8},"end":{"line":8,"column":88}},"6":{"start":{"line":10,"column":4},"end":{"line":17,"column":5}},"7":{"start":{"line":11,"column":24},"end":{"line":11,"column":70}},"8":{"start":{"line":12,"column":8},"end":{"line":12,"column":27}},"9":{"start":{"line":13,"column":8},"end":{"line":13,"column":15}},"10":{"start":{"line":16,"column":8},"end":{"line":16,"column":54}}},"fnMap":{"0":{"name":"auth","decl":{"start":{"line":5,"column":26},"end":{"line":5,"column":30}},"loc":{"start":{"line":5,"column":47},"end":{"line":19,"column":1}},"line":5}},"branchMap":{"0":{"loc":{"start":{"line":7,"column":4},"end":{"line":8,"column":88}},"type":"if","locations":[{"start":{"line":7,"column":4},"end":{"line":8,"column":88}},{"start":{},"end":{}}],"line":7}},"s":{"0":1,"1":1,"2":1,"3":4,"4":4,"5":1,"6":3,"7":3,"8":3,"9":3,"10":0},"f":{"0":4},"b":{"0":[1,3]},"_coverageSchema":"1a1c01bbd47fc00a2c39e90264f33305004495a9","hash":"4a350b4498c35f6ae74e10b2f0faf7a033771c68"}
,"C:\\Users\\Intel\\Desktop\\Exercise\\23-topshiriq\\middleware\\error.js": {"path":"C:\\Users\\Intel\\Desktop\\Exercise\\23-topshiriq\\middleware\\error.js","statementMap":{"0":{"start":{"line":1,"column":16},"end":{"line":1,"column":34}},"1":{"start":{"line":3,"column":0},"end":{"line":6,"column":1}},"2":{"start":{"line":4,"column":4},"end":{"line":4,"column":35}},"3":{"start":{"line":5,"column":4},"end":{"line":5,"column":57}}},"fnMap":{"0":{"name":"(anonymous_0)","decl":{"start":{"line":3,"column":17},"end":{"line":3,"column":18}},"loc":{"start":{"line":3,"column":46},"end":{"line":6,"column":1}},"line":3}},"branchMap":{},"s":{"0":1,"1":1,"2":0,"3":0},"f":{"0":0},"b":{},"_coverageSchema":"1a1c01bbd47fc00a2c39e90264f33305004495a9","hash":"1f175dc190620b9de83524e2bb0d56500d41c613"}
,"C:\\Users\\Intel\\Desktop\\Exercise\\23-topshiriq\\models\\category.js": {"path":"C:\\Users\\Intel\\Desktop\\Exercise\\23-topshiriq\\models\\category.js","statementMap":{"0":{"start":{"line":1,"column":17},"end":{"line":1,"column":36}},"1":{"start":{"line":4,"column":23},"end":{"line":10,"column":2}},"2":{"start":{"line":12,"column":17},"end":{"line":12,"column":59}},"3":{"start":{"line":14,"column":0},"end":{"line":14,"column":28}},"4":{"start":{"line":15,"column":0},"end":{"line":15,"column":40}}},"fnMap":{},"branchMap":{},"s":{"0":1,"1":1,"2":1,"3":1,"4":1},"f":{},"b":{},"_coverageSchema":"1a1c01bbd47fc00a2c39e90264f33305004495a9","hash":"04ce282bc5ed11d716359b45c86e7d4332b79973"}
,"C:\\Users\\Intel\\Desktop\\Exercise\\23-topshiriq\\models\\courser.js": {"path":"C:\\Users\\Intel\\Desktop\\Exercise\\23-topshiriq\\models\\courser.js","statementMap":{"0":{"start":{"line":1,"column":17},"end":{"line":1,"column":36}},"1":{"start":{"line":2,"column":27},"end":{"line":2,"column":48}},"2":{"start":{"line":5,"column":22},"end":{"line":34,"column":2}},"3":{"start":{"line":36,"column":16},"end":{"line":36,"column":56}},"4":{"start":{"line":38,"column":0},"end":{"line":38,"column":26}},"5":{"start":{"line":39,"column":0},"end":{"line":39,"column":38}}},"fnMap":{},"branchMap":{},"s":{"0":1,"1":1,"2":1,"3":1,"4":1,"5":1},"f":{},"b":{},"_coverageSchema":"1a1c01bbd47fc00a2c39e90264f33305004495a9","hash":"b19d0e9160a336a7c3eba8b36987bb93deaa99ed"}
,"C:\\Users\\Intel\\Desktop\\Exercise\\23-topshiriq\\models\\customer.js": {"path":"C:\\Users\\Intel\\Desktop\\Exercise\\23-topshiriq\\models\\customer.js","statementMap":{"0":{"start":{"line":1,"column":17},"end":{"line":1,"column":36}},"1":{"start":{"line":4,"column":23},"end":{"line":24,"column":2}},"2":{"start":{"line":26,"column":17},"end":{"line":26,"column":59}},"3":{"start":{"line":28,"column":0},"end":{"line":28,"column":28}},"4":{"start":{"line":29,"column":0},"end":{"line":29,"column":39}}},"fnMap":{},"branchMap":{},"s":{"0":1,"1":1,"2":1,"3":1,"4":1},"f":{},"b":{},"_coverageSchema":"1a1c01bbd47fc00a2c39e90264f33305004495a9","hash":"583bf2b2a41d1b5cd701cc130dbff70cc8ef16b9"}
,"C:\\Users\\Intel\\Desktop\\Exercise\\23-topshiriq\\models\\enrollment.js": {"path":"C:\\Users\\Intel\\Desktop\\Exercise\\23-topshiriq\\models\\enrollment.js","statementMap":{"0":{"start":{"line":1,"column":17},"end":{"line":1,"column":36}},"1":{"start":{"line":2,"column":27},"end":{"line":2,"column":48}},"2":{"start":{"line":3,"column":26},"end":{"line":3,"column":46}},"3":{"start":{"line":5,"column":19},"end":{"line":38,"column":3}},"4":{"start":{"line":40,"column":0},"end":{"line":40,"column":31}}},"fnMap":{},"branchMap":{},"s":{"0":1,"1":1,"2":1,"3":1,"4":1},"f":{},"b":{},"_coverageSchema":"1a1c01bbd47fc00a2c39e90264f33305004495a9","hash":"bfd5d41f52567545639e24f6484be455a4345000"}
,"C:\\Users\\Intel\\Desktop\\Exercise\\23-topshiriq\\models\\user.js": {"path":"C:\\Users\\Intel\\Desktop\\Exercise\\23-topshiriq\\models\\user.js","statementMap":{"0":{"start":{"line":1,"column":17},"end":{"line":1,"column":36}},"1":{"start":{"line":2,"column":12},"end":{"line":2,"column":35}},"2":{"start":{"line":3,"column":15},"end":{"line":3,"column":32}},"3":{"start":{"line":5,"column":19},"end":{"line":26,"column":2}},"4":{"start":{"line":28,"column":0},"end":{"line":31,"column":1}},"5":{"start":{"line":29,"column":18},"end":{"line":29,"column":97}},"6":{"start":{"line":30,"column":4},"end":{"line":30,"column":17}},"7":{"start":{"line":33,"column":13},"end":{"line":33,"column":47}},"8":{"start":{"line":35,"column":0},"end":{"line":35,"column":20}}},"fnMap":{"0":{"name":"(anonymous_0)","decl":{"start":{"line":28,"column":39},"end":{"line":28,"column":40}},"loc":{"start":{"line":28,"column":51},"end":{"line":31,"column":1}},"line":28}},"branchMap":{},"s":{"0":2,"1":2,"2":2,"3":2,"4":2,"5":5,"6":5,"7":2,"8":2},"f":{"0":5},"b":{},"_coverageSchema":"1a1c01bbd47fc00a2c39e90264f33305004495a9","hash":"70a69c7947749089c203e2386b89efbfc003d250"}
,"C:\\Users\\Intel\\Desktop\\Exercise\\23-topshiriq\\routes\\auth.js": {"path":"C:\\Users\\Intel\\Desktop\\Exercise\\23-topshiriq\\routes\\auth.js","statementMap":{"0":{"start":{"line":1,"column":16},"end":{"line":1,"column":34}},"1":{"start":{"line":2,"column":15},"end":{"line":2,"column":32}},"2":{"start":{"line":3,"column":12},"end":{"line":3,"column":26}},"3":{"start":{"line":4,"column":15},"end":{"line":4,"column":31}},"4":{"start":{"line":5,"column":17},"end":{"line":5,"column":42}},"5":{"start":{"line":6,"column":9},"end":{"line":6,"column":26}},"6":{"start":{"line":9,"column":0},"end":{"line":30,"column":3}},"7":{"start":{"line":10,"column":19},"end":{"line":13,"column":5}},"8":{"start":{"line":15,"column":22},"end":{"line":15,"column":47}},"9":{"start":{"line":16,"column":4},"end":{"line":18,"column":5}},"10":{"start":{"line":17,"column":8},"end":{"line":17,"column":62}},"11":{"start":{"line":19,"column":15},"end":{"line":19,"column":60}},"12":{"start":{"line":20,"column":8},"end":{"line":21,"column":71}},"13":{"start":{"line":21,"column":12},"end":{"line":21,"column":71}},"14":{"start":{"line":23,"column":28},"end":{"line":23,"column":82}},"15":{"start":{"line":24,"column":4},"end":{"line":25,"column":67}},"16":{"start":{"line":25,"column":8},"end":{"line":25,"column":67}},"17":{"start":{"line":27,"column":18},"end":{"line":27,"column":42}},"18":{"start":{"line":28,"column":4},"end":{"line":28,"column":49}},"19":{"start":{"line":32,"column":0},"end":{"line":32,"column":24}}},"fnMap":{"0":{"name":"(anonymous_0)","decl":{"start":{"line":9,"column":17},"end":{"line":9,"column":18}},"loc":{"start":{"line":9,"column":37},"end":{"line":30,"column":1}},"line":9}},"branchMap":{"0":{"loc":{"start":{"line":16,"column":4},"end":{"line":18,"column":5}},"type":"if","locations":[{"start":{"line":16,"column":4},"end":{"line":18,"column":5}},{"start":{},"end":{}}],"line":16},"1":{"loc":{"start":{"line":20,"column":8},"end":{"line":21,"column":71}},"type":"if","locations":[{"start":{"line":20,"column":8},"end":{"line":21,"column":71}},{"start":{},"end":{}}],"line":20},"2":{"loc":{"start":{"line":24,"column":4},"end":{"line":25,"column":67}},"type":"if","locations":[{"start":{"line":24,"column":4},"end":{"line":25,"column":67}},{"start":{},"end":{}}],"line":24}},"s":{"0":1,"1":1,"2":1,"3":1,"4":1,"5":1,"6":1,"7":0,"8":0,"9":0,"10":0,"11":0,"12":0,"13":0,"14":0,"15":0,"16":0,"17":0,"18":0,"19":1},"f":{"0":0},"b":{"0":[0,0],"1":[0,0],"2":[0,0]},"_coverageSchema":"1a1c01bbd47fc00a2c39e90264f33305004495a9","hash":"0cd7caefd69751c25215aae3609484b319e98b57"}
,"C:\\Users\\Intel\\Desktop\\Exercise\\23-topshiriq\\routes\\categories.js": {"path":"C:\\Users\\Intel\\Desktop\\Exercise\\23-topshiriq\\routes\\categories.js","statementMap":{"0":{"start":{"line":1,"column":16},"end":{"line":1,"column":34}},"1":{"start":{"line":2,"column":12},"end":{"line":2,"column":26}},"2":{"start":{"line":3,"column":15},"end":{"line":3,"column":31}},"3":{"start":{"line":4,"column":21},"end":{"line":4,"column":50}},"4":{"start":{"line":5,"column":14},"end":{"line":5,"column":44}},"5":{"start":{"line":6,"column":13},"end":{"line":6,"column":42}},"6":{"start":{"line":7,"column":17},"end":{"line":7,"column":36}},"7":{"start":{"line":11,"column":0},"end":{"line":15,"column":3}},"8":{"start":{"line":13,"column":23},"end":{"line":13,"column":57}},"9":{"start":{"line":14,"column":4},"end":{"line":14,"column":25}},"10":{"start":{"line":17,"column":0},"end":{"line":35,"column":3}},"11":{"start":{"line":18,"column":19},"end":{"line":22,"column":5}},"12":{"start":{"line":24,"column":22},"end":{"line":24,"column":47}},"13":{"start":{"line":25,"column":4},"end":{"line":27,"column":5}},"14":{"start":{"line":26,"column":8},"end":{"line":26,"column":62}},"15":{"start":{"line":29,"column":19},"end":{"line":31,"column":6}},"16":{"start":{"line":33,"column":4},"end":{"line":33,"column":37}},"17":{"start":{"line":34,"column":4},"end":{"line":34,"column":35}},"18":{"start":{"line":37,"column":0},"end":{"line":46,"column":3}},"19":{"start":{"line":38,"column":4},"end":{"line":39,"column":51}},"20":{"start":{"line":39,"column":8},"end":{"line":39,"column":51}},"21":{"start":{"line":41,"column":21},"end":{"line":41,"column":59}},"22":{"start":{"line":42,"column":4},"end":{"line":43,"column":83}},"23":{"start":{"line":43,"column":8},"end":{"line":43,"column":83}},"24":{"start":{"line":45,"column":4},"end":{"line":45,"column":23}},"25":{"start":{"line":48,"column":0},"end":{"line":67,"column":3}},"26":{"start":{"line":50,"column":19},"end":{"line":54,"column":5}},"27":{"start":{"line":56,"column":22},"end":{"line":56,"column":47}},"28":{"start":{"line":57,"column":4},"end":{"line":59,"column":5}},"29":{"start":{"line":58,"column":8},"end":{"line":58,"column":62}},"30":{"start":{"line":61,"column":22},"end":{"line":61,"column":105}},"31":{"start":{"line":62,"column":4},"end":{"line":63,"column":83}},"32":{"start":{"line":63,"column":8},"end":{"line":63,"column":83}},"33":{"start":{"line":66,"column":4},"end":{"line":66,"column":23}},"34":{"start":{"line":69,"column":0},"end":{"line":79,"column":3}},"35":{"start":{"line":70,"column":4},"end":{"line":71,"column":51}},"36":{"start":{"line":71,"column":8},"end":{"line":71,"column":51}},"37":{"start":{"line":73,"column":21},"end":{"line":73,"column":68}},"38":{"start":{"line":74,"column":4},"end":{"line":75,"column":83}},"39":{"start":{"line":75,"column":8},"end":{"line":75,"column":83}},"40":{"start":{"line":78,"column":4},"end":{"line":78,"column":23}},"41":{"start":{"line":81,"column":0},"end":{"line":81,"column":24}}},"fnMap":{"0":{"name":"(anonymous_0)","decl":{"start":{"line":11,"column":16},"end":{"line":11,"column":17}},"loc":{"start":{"line":11,"column":36},"end":{"line":15,"column":1}},"line":11},"1":{"name":"(anonymous_1)","decl":{"start":{"line":17,"column":23},"end":{"line":17,"column":24}},"loc":{"start":{"line":17,"column":43},"end":{"line":35,"column":1}},"line":17},"2":{"name":"(anonymous_2)","decl":{"start":{"line":37,"column":19},"end":{"line":37,"column":20}},"loc":{"start":{"line":37,"column":39},"end":{"line":46,"column":1}},"line":37},"3":{"name":"(anonymous_3)","decl":{"start":{"line":48,"column":26},"end":{"line":48,"column":27}},"loc":{"start":{"line":48,"column":46},"end":{"line":67,"column":1}},"line":48},"4":{"name":"(anonymous_4)","decl":{"start":{"line":69,"column":38},"end":{"line":69,"column":39}},"loc":{"start":{"line":69,"column":58},"end":{"line":79,"column":1}},"line":69}},"branchMap":{"0":{"loc":{"start":{"line":25,"column":4},"end":{"line":27,"column":5}},"type":"if","locations":[{"start":{"line":25,"column":4},"end":{"line":27,"column":5}},{"start":{},"end":{}}],"line":25},"1":{"loc":{"start":{"line":38,"column":4},"end":{"line":39,"column":51}},"type":"if","locations":[{"start":{"line":38,"column":4},"end":{"line":39,"column":51}},{"start":{},"end":{}}],"line":38},"2":{"loc":{"start":{"line":42,"column":4},"end":{"line":43,"column":83}},"type":"if","locations":[{"start":{"line":42,"column":4},"end":{"line":43,"column":83}},{"start":{},"end":{}}],"line":42},"3":{"loc":{"start":{"line":57,"column":4},"end":{"line":59,"column":5}},"type":"if","locations":[{"start":{"line":57,"column":4},"end":{"line":59,"column":5}},{"start":{},"end":{}}],"line":57},"4":{"loc":{"start":{"line":62,"column":4},"end":{"line":63,"column":83}},"type":"if","locations":[{"start":{"line":62,"column":4},"end":{"line":63,"column":83}},{"start":{},"end":{}}],"line":62},"5":{"loc":{"start":{"line":70,"column":4},"end":{"line":71,"column":51}},"type":"if","locations":[{"start":{"line":70,"column":4},"end":{"line":71,"column":51}},{"start":{},"end":{}}],"line":70},"6":{"loc":{"start":{"line":74,"column":4},"end":{"line":75,"column":83}},"type":"if","locations":[{"start":{"line":74,"column":4},"end":{"line":75,"column":83}},{"start":{},"end":{}}],"line":74}},"s":{"0":1,"1":1,"2":1,"3":1,"4":1,"5":1,"6":1,"7":1,"8":1,"9":1,"10":1,"11":3,"12":3,"13":3,"14":3,"15":0,"16":0,"17":0,"18":1,"19":3,"20":1,"21":2,"22":2,"23":1,"24":1,"25":1,"26":0,"27":0,"28":0,"29":0,"30":0,"31":0,"32":0,"33":0,"34":1,"35":0,"36":0,"37":0,"38":0,"39":0,"40":0,"41":1},"f":{"0":1,"1":3,"2":3,"3":0,"4":0},"b":{"0":[3,0],"1":[1,2],"2":[1,1],"3":[0,0],"4":[0,0],"5":[0,0],"6":[0,0]},"_coverageSchema":"1a1c01bbd47fc00a2c39e90264f33305004495a9","hash":"e2e34eb7c01c9d2dd8165e144dc07aaa8ca3847c"}
,"C:\\Users\\Intel\\Desktop\\Exercise\\23-topshiriq\\routes\\coursers.js": {"path":"C:\\Users\\Intel\\Desktop\\Exercise\\23-topshiriq\\routes\\coursers.js","statementMap":{"0":{"start":{"line":1,"column":16},"end":{"line":1,"column":34}},"1":{"start":{"line":2,"column":12},"end":{"line":2,"column":26}},"2":{"start":{"line":3,"column":15},"end":{"line":3,"column":31}},"3":{"start":{"line":4,"column":20},"end":{"line":4,"column":48}},"4":{"start":{"line":5,"column":21},"end":{"line":5,"column":50}},"5":{"start":{"line":6,"column":13},"end":{"line":6,"column":42}},"6":{"start":{"line":10,"column":0},"end":{"line":13,"column":3}},"7":{"start":{"line":11,"column":21},"end":{"line":11,"column":56}},"8":{"start":{"line":12,"column":4},"end":{"line":12,"column":23}},"9":{"start":{"line":15,"column":0},"end":{"line":46,"column":3}},"10":{"start":{"line":16,"column":19},"end":{"line":23,"column":6}},"11":{"start":{"line":25,"column":22},"end":{"line":25,"column":47}},"12":{"start":{"line":26,"column":4},"end":{"line":28,"column":5}},"13":{"start":{"line":27,"column":8},"end":{"line":27,"column":62}},"14":{"start":{"line":30,"column":21},"end":{"line":30,"column":65}},"15":{"start":{"line":32,"column":18},"end":{"line":42,"column":6}},"16":{"start":{"line":44,"column":4},"end":{"line":44,"column":35}},"17":{"start":{"line":45,"column":4},"end":{"line":45,"column":34}},"18":{"start":{"line":48,"column":0},"end":{"line":67,"column":3}},"19":{"start":{"line":49,"column":19},"end":{"line":55,"column":6}},"20":{"start":{"line":57,"column":22},"end":{"line":57,"column":47}},"21":{"start":{"line":58,"column":4},"end":{"line":60,"column":5}},"22":{"start":{"line":59,"column":8},"end":{"line":59,"column":62}},"23":{"start":{"line":62,"column":20},"end":{"line":62,"column":57}},"24":{"start":{"line":63,"column":4},"end":{"line":64,"column":83}},"25":{"start":{"line":64,"column":8},"end":{"line":64,"column":83}},"26":{"start":{"line":66,"column":4},"end":{"line":66,"column":22}},"27":{"start":{"line":69,"column":0},"end":{"line":100,"column":3}},"28":{"start":{"line":83,"column":21},"end":{"line":94,"column":10}},"29":{"start":{"line":95,"column":4},"end":{"line":96,"column":83}},"30":{"start":{"line":96,"column":8},"end":{"line":96,"column":83}},"31":{"start":{"line":99,"column":4},"end":{"line":99,"column":22}},"32":{"start":{"line":102,"column":0},"end":{"line":109,"column":3}},"33":{"start":{"line":103,"column":20},"end":{"line":103,"column":66}},"34":{"start":{"line":104,"column":4},"end":{"line":105,"column":83}},"35":{"start":{"line":105,"column":8},"end":{"line":105,"column":83}},"36":{"start":{"line":108,"column":4},"end":{"line":108,"column":22}},"37":{"start":{"line":111,"column":0},"end":{"line":111,"column":24}}},"fnMap":{"0":{"name":"(anonymous_0)","decl":{"start":{"line":10,"column":16},"end":{"line":10,"column":17}},"loc":{"start":{"line":10,"column":36},"end":{"line":13,"column":1}},"line":10},"1":{"name":"(anonymous_1)","decl":{"start":{"line":15,"column":23},"end":{"line":15,"column":24}},"loc":{"start":{"line":15,"column":43},"end":{"line":46,"column":1}},"line":15},"2":{"name":"(anonymous_2)","decl":{"start":{"line":48,"column":19},"end":{"line":48,"column":20}},"loc":{"start":{"line":48,"column":39},"end":{"line":67,"column":1}},"line":48},"3":{"name":"(anonymous_3)","decl":{"start":{"line":69,"column":26},"end":{"line":69,"column":27}},"loc":{"start":{"line":69,"column":46},"end":{"line":100,"column":1}},"line":69},"4":{"name":"(anonymous_4)","decl":{"start":{"line":102,"column":29},"end":{"line":102,"column":30}},"loc":{"start":{"line":102,"column":49},"end":{"line":109,"column":1}},"line":102}},"branchMap":{"0":{"loc":{"start":{"line":26,"column":4},"end":{"line":28,"column":5}},"type":"if","locations":[{"start":{"line":26,"column":4},"end":{"line":28,"column":5}},{"start":{},"end":{}}],"line":26},"1":{"loc":{"start":{"line":58,"column":4},"end":{"line":60,"column":5}},"type":"if","locations":[{"start":{"line":58,"column":4},"end":{"line":60,"column":5}},{"start":{},"end":{}}],"line":58},"2":{"loc":{"start":{"line":63,"column":4},"end":{"line":64,"column":83}},"type":"if","locations":[{"start":{"line":63,"column":4},"end":{"line":64,"column":83}},{"start":{},"end":{}}],"line":63},"3":{"loc":{"start":{"line":95,"column":4},"end":{"line":96,"column":83}},"type":"if","locations":[{"start":{"line":95,"column":4},"end":{"line":96,"column":83}},{"start":{},"end":{}}],"line":95},"4":{"loc":{"start":{"line":104,"column":4},"end":{"line":105,"column":83}},"type":"if","locations":[{"start":{"line":104,"column":4},"end":{"line":105,"column":83}},{"start":{},"end":{}}],"line":104}},"s":{"0":1,"1":1,"2":1,"3":1,"4":1,"5":1,"6":1,"7":0,"8":0,"9":1,"10":0,"11":0,"12":0,"13":0,"14":0,"15":0,"16":0,"17":0,"18":1,"19":0,"20":0,"21":0,"22":0,"23":0,"24":0,"25":0,"26":0,"27":1,"28":0,"29":0,"30":0,"31":0,"32":1,"33":0,"34":0,"35":0,"36":0,"37":1},"f":{"0":0,"1":0,"2":0,"3":0,"4":0},"b":{"0":[0,0],"1":[0,0],"2":[0,0],"3":[0,0],"4":[0,0]},"_coverageSchema":"1a1c01bbd47fc00a2c39e90264f33305004495a9","hash":"ec850235d58207cf3fd5fb4f43b1346a13330ce9"}
,"C:\\Users\\Intel\\Desktop\\Exercise\\23-topshiriq\\routes\\customers.js": {"path":"C:\\Users\\Intel\\Desktop\\Exercise\\23-topshiriq\\routes\\customers.js","statementMap":{"0":{"start":{"line":1,"column":16},"end":{"line":1,"column":34}},"1":{"start":{"line":2,"column":12},"end":{"line":2,"column":26}},"2":{"start":{"line":3,"column":15},"end":{"line":3,"column":31}},"3":{"start":{"line":4,"column":21},"end":{"line":4,"column":50}},"4":{"start":{"line":5,"column":13},"end":{"line":5,"column":42}},"5":{"start":{"line":7,"column":0},"end":{"line":10,"column":3}},"6":{"start":{"line":8,"column":22},"end":{"line":8,"column":56}},"7":{"start":{"line":9,"column":4},"end":{"line":9,"column":24}},"8":{"start":{"line":12,"column":0},"end":{"line":32,"column":3}},"9":{"start":{"line":13,"column":19},"end":{"line":17,"column":5}},"10":{"start":{"line":19,"column":22},"end":{"line":19,"column":47}},"11":{"start":{"line":20,"column":4},"end":{"line":22,"column":5}},"12":{"start":{"line":21,"column":8},"end":{"line":21,"column":62}},"13":{"start":{"line":24,"column":19},"end":{"line":28,"column":6}},"14":{"start":{"line":30,"column":4},"end":{"line":30,"column":37}},"15":{"start":{"line":31,"column":4},"end":{"line":31,"column":35}},"16":{"start":{"line":34,"column":0},"end":{"line":40,"column":3}},"17":{"start":{"line":35,"column":21},"end":{"line":35,"column":59}},"18":{"start":{"line":36,"column":4},"end":{"line":37,"column":83}},"19":{"start":{"line":37,"column":8},"end":{"line":37,"column":83}},"20":{"start":{"line":39,"column":4},"end":{"line":39,"column":23}},"21":{"start":{"line":42,"column":0},"end":{"line":61,"column":3}},"22":{"start":{"line":44,"column":19},"end":{"line":48,"column":5}},"23":{"start":{"line":50,"column":22},"end":{"line":50,"column":47}},"24":{"start":{"line":51,"column":4},"end":{"line":53,"column":5}},"25":{"start":{"line":52,"column":8},"end":{"line":52,"column":62}},"26":{"start":{"line":55,"column":22},"end":{"line":55,"column":116}},"27":{"start":{"line":56,"column":4},"end":{"line":57,"column":83}},"28":{"start":{"line":57,"column":8},"end":{"line":57,"column":83}},"29":{"start":{"line":60,"column":4},"end":{"line":60,"column":23}},"30":{"start":{"line":63,"column":0},"end":{"line":70,"column":3}},"31":{"start":{"line":64,"column":21},"end":{"line":64,"column":68}},"32":{"start":{"line":65,"column":4},"end":{"line":66,"column":83}},"33":{"start":{"line":66,"column":8},"end":{"line":66,"column":83}},"34":{"start":{"line":69,"column":4},"end":{"line":69,"column":23}},"35":{"start":{"line":72,"column":0},"end":{"line":72,"column":24}}},"fnMap":{"0":{"name":"(anonymous_0)","decl":{"start":{"line":7,"column":16},"end":{"line":7,"column":17}},"loc":{"start":{"line":7,"column":36},"end":{"line":10,"column":1}},"line":7},"1":{"name":"(anonymous_1)","decl":{"start":{"line":12,"column":24},"end":{"line":12,"column":25}},"loc":{"start":{"line":12,"column":44},"end":{"line":32,"column":1}},"line":12},"2":{"name":"(anonymous_2)","decl":{"start":{"line":34,"column":19},"end":{"line":34,"column":20}},"loc":{"start":{"line":34,"column":39},"end":{"line":40,"column":1}},"line":34},"3":{"name":"(anonymous_3)","decl":{"start":{"line":42,"column":26},"end":{"line":42,"column":27}},"loc":{"start":{"line":42,"column":46},"end":{"line":61,"column":1}},"line":42},"4":{"name":"(anonymous_4)","decl":{"start":{"line":63,"column":29},"end":{"line":63,"column":30}},"loc":{"start":{"line":63,"column":49},"end":{"line":70,"column":1}},"line":63}},"branchMap":{"0":{"loc":{"start":{"line":20,"column":4},"end":{"line":22,"column":5}},"type":"if","locations":[{"start":{"line":20,"column":4},"end":{"line":22,"column":5}},{"start":{},"end":{}}],"line":20},"1":{"loc":{"start":{"line":36,"column":4},"end":{"line":37,"column":83}},"type":"if","locations":[{"start":{"line":36,"column":4},"end":{"line":37,"column":83}},{"start":{},"end":{}}],"line":36},"2":{"loc":{"start":{"line":51,"column":4},"end":{"line":53,"column":5}},"type":"if","locations":[{"start":{"line":51,"column":4},"end":{"line":53,"column":5}},{"start":{},"end":{}}],"line":51},"3":{"loc":{"start":{"line":56,"column":4},"end":{"line":57,"column":83}},"type":"if","locations":[{"start":{"line":56,"column":4},"end":{"line":57,"column":83}},{"start":{},"end":{}}],"line":56},"4":{"loc":{"start":{"line":65,"column":4},"end":{"line":66,"column":83}},"type":"if","locations":[{"start":{"line":65,"column":4},"end":{"line":66,"column":83}},{"start":{},"end":{}}],"line":65}},"s":{"0":1,"1":1,"2":1,"3":1,"4":1,"5":1,"6":0,"7":0,"8":1,"9":0,"10":0,"11":0,"12":0,"13":0,"14":0,"15":0,"16":1,"17":0,"18":0,"19":0,"20":0,"21":1,"22":0,"23":0,"24":0,"25":0,"26":0,"27":0,"28":0,"29":0,"30":1,"31":0,"32":0,"33":0,"34":0,"35":1},"f":{"0":0,"1":0,"2":0,"3":0,"4":0},"b":{"0":[0,0],"1":[0,0],"2":[0,0],"3":[0,0],"4":[0,0]},"_coverageSchema":"1a1c01bbd47fc00a2c39e90264f33305004495a9","hash":"f16d7d19c046444b97ab848582012b85b5c6f417"}
,"C:\\Users\\Intel\\Desktop\\Exercise\\23-topshiriq\\routes\\enrollments.js": {"path":"C:\\Users\\Intel\\Desktop\\Exercise\\23-topshiriq\\routes\\enrollments.js","statementMap":{"0":{"start":{"line":1,"column":16},"end":{"line":1,"column":34}},"1":{"start":{"line":2,"column":12},"end":{"line":2,"column":26}},"2":{"start":{"line":3,"column":15},"end":{"line":3,"column":31}},"3":{"start":{"line":4,"column":20},"end":{"line":4,"column":48}},"4":{"start":{"line":5,"column":21},"end":{"line":5,"column":50}},"5":{"start":{"line":6,"column":23},"end":{"line":6,"column":54}},"6":{"start":{"line":7,"column":13},"end":{"line":7,"column":42}},"7":{"start":{"line":11,"column":0},"end":{"line":14,"column":3}},"8":{"start":{"line":12,"column":24},"end":{"line":12,"column":66}},"9":{"start":{"line":13,"column":4},"end":{"line":13,"column":26}},"10":{"start":{"line":16,"column":0},"end":{"line":55,"column":3}},"11":{"start":{"line":17,"column":19},"end":{"line":20,"column":6}},"12":{"start":{"line":22,"column":22},"end":{"line":22,"column":47}},"13":{"start":{"line":23,"column":4},"end":{"line":25,"column":5}},"14":{"start":{"line":24,"column":8},"end":{"line":24,"column":62}},"15":{"start":{"line":27,"column":19},"end":{"line":27,"column":60}},"16":{"start":{"line":28,"column":4},"end":{"line":29,"column":55}},"17":{"start":{"line":29,"column":8},"end":{"line":29,"column":55}},"18":{"start":{"line":31,"column":21},"end":{"line":31,"column":65}},"19":{"start":{"line":32,"column":4},"end":{"line":33,"column":56}},"20":{"start":{"line":33,"column":8},"end":{"line":33,"column":56}},"21":{"start":{"line":35,"column":21},"end":{"line":45,"column":6}},"22":{"start":{"line":46,"column":4},"end":{"line":47,"column":63}},"23":{"start":{"line":47,"column":8},"end":{"line":47,"column":63}},"24":{"start":{"line":49,"column":4},"end":{"line":49,"column":41}},"25":{"start":{"line":51,"column":4},"end":{"line":51,"column":27}},"26":{"start":{"line":52,"column":4},"end":{"line":52,"column":20}},"27":{"start":{"line":54,"column":4},"end":{"line":54,"column":37}},"28":{"start":{"line":57,"column":0},"end":{"line":64,"column":3}},"29":{"start":{"line":59,"column":23},"end":{"line":59,"column":63}},"30":{"start":{"line":60,"column":4},"end":{"line":61,"column":83}},"31":{"start":{"line":61,"column":8},"end":{"line":61,"column":83}},"32":{"start":{"line":63,"column":4},"end":{"line":63,"column":25}},"33":{"start":{"line":67,"column":0},"end":{"line":67,"column":24}}},"fnMap":{"0":{"name":"(anonymous_0)","decl":{"start":{"line":11,"column":16},"end":{"line":11,"column":17}},"loc":{"start":{"line":11,"column":36},"end":{"line":14,"column":1}},"line":11},"1":{"name":"(anonymous_1)","decl":{"start":{"line":16,"column":24},"end":{"line":16,"column":25}},"loc":{"start":{"line":16,"column":44},"end":{"line":55,"column":1}},"line":16},"2":{"name":"(anonymous_2)","decl":{"start":{"line":57,"column":26},"end":{"line":57,"column":27}},"loc":{"start":{"line":57,"column":46},"end":{"line":64,"column":1}},"line":57}},"branchMap":{"0":{"loc":{"start":{"line":23,"column":4},"end":{"line":25,"column":5}},"type":"if","locations":[{"start":{"line":23,"column":4},"end":{"line":25,"column":5}},{"start":{},"end":{}}],"line":23},"1":{"loc":{"start":{"line":28,"column":4},"end":{"line":29,"column":55}},"type":"if","locations":[{"start":{"line":28,"column":4},"end":{"line":29,"column":55}},{"start":{},"end":{}}],"line":28},"2":{"loc":{"start":{"line":32,"column":4},"end":{"line":33,"column":56}},"type":"if","locations":[{"start":{"line":32,"column":4},"end":{"line":33,"column":56}},{"start":{},"end":{}}],"line":32},"3":{"loc":{"start":{"line":46,"column":4},"end":{"line":47,"column":63}},"type":"if","locations":[{"start":{"line":46,"column":4},"end":{"line":47,"column":63}},{"start":{},"end":{}}],"line":46},"4":{"loc":{"start":{"line":60,"column":4},"end":{"line":61,"column":83}},"type":"if","locations":[{"start":{"line":60,"column":4},"end":{"line":61,"column":83}},{"start":{},"end":{}}],"line":60}},"s":{"0":1,"1":1,"2":1,"3":1,"4":1,"5":1,"6":1,"7":1,"8":0,"9":0,"10":1,"11":0,"12":0,"13":0,"14":0,"15":0,"16":0,"17":0,"18":0,"19":0,"20":0,"21":0,"22":0,"23":0,"24":0,"25":0,"26":0,"27":0,"28":1,"29":0,"30":0,"31":0,"32":0,"33":1},"f":{"0":0,"1":0,"2":0},"b":{"0":[0,0],"1":[0,0],"2":[0,0],"3":[0,0],"4":[0,0]},"_coverageSchema":"1a1c01bbd47fc00a2c39e90264f33305004495a9","hash":"08adc8b367a02091c731c6800c9cbe5f97abaab5"}
,"C:\\Users\\Intel\\Desktop\\Exercise\\23-topshiriq\\routes\\users.js": {"path":"C:\\Users\\Intel\\Desktop\\Exercise\\23-topshiriq\\routes\\users.js","statementMap":{"0":{"start":{"line":1,"column":16},"end":{"line":1,"column":34}},"1":{"start":{"line":2,"column":15},"end":{"line":2,"column":32}},"2":{"start":{"line":3,"column":12},"end":{"line":3,"column":26}},"3":{"start":{"line":4,"column":15},"end":{"line":4,"column":31}},"4":{"start":{"line":5,"column":18},"end":{"line":5,"column":43}},"5":{"start":{"line":6,"column":9},"end":{"line":6,"column":26}},"6":{"start":{"line":7,"column":13},"end":{"line":7,"column":42}},"7":{"start":{"line":9,"column":0},"end":{"line":12,"column":2}},"8":{"start":{"line":10,"column":17},"end":{"line":10,"column":70}},"9":{"start":{"line":11,"column":4},"end":{"line":11,"column":19}},"10":{"start":{"line":14,"column":0},"end":{"line":36,"column":3}},"11":{"start":{"line":15,"column":19},"end":{"line":20,"column":5}},"12":{"start":{"line":22,"column":22},"end":{"line":22,"column":47}},"13":{"start":{"line":23,"column":4},"end":{"line":25,"column":5}},"14":{"start":{"line":24,"column":8},"end":{"line":24,"column":62}},"15":{"start":{"line":26,"column":15},"end":{"line":26,"column":62}},"16":{"start":{"line":27,"column":8},"end":{"line":28,"column":63}},"17":{"start":{"line":28,"column":12},"end":{"line":28,"column":63}},"18":{"start":{"line":30,"column":8},"end":{"line":30,"column":85}},"19":{"start":{"line":31,"column":21},"end":{"line":31,"column":43}},"20":{"start":{"line":32,"column":8},"end":{"line":32,"column":63}},"21":{"start":{"line":33,"column":8},"end":{"line":33,"column":33}},"22":{"start":{"line":35,"column":8},"end":{"line":35,"column":67}},"23":{"start":{"line":38,"column":0},"end":{"line":38,"column":24}}},"fnMap":{"0":{"name":"(anonymous_0)","decl":{"start":{"line":9,"column":24},"end":{"line":9,"column":25}},"loc":{"start":{"line":9,"column":42},"end":{"line":12,"column":1}},"line":9},"1":{"name":"(anonymous_1)","decl":{"start":{"line":14,"column":17},"end":{"line":14,"column":18}},"loc":{"start":{"line":14,"column":37},"end":{"line":36,"column":1}},"line":14}},"branchMap":{"0":{"loc":{"start":{"line":23,"column":4},"end":{"line":25,"column":5}},"type":"if","locations":[{"start":{"line":23,"column":4},"end":{"line":25,"column":5}},{"start":{},"end":{}}],"line":23},"1":{"loc":{"start":{"line":27,"column":8},"end":{"line":28,"column":63}},"type":"if","locations":[{"start":{"line":27,"column":8},"end":{"line":28,"column":63}},{"start":{},"end":{}}],"line":27}},"s":{"0":1,"1":1,"2":1,"3":1,"4":1,"5":1,"6":1,"7":1,"8":0,"9":0,"10":1,"11":0,"12":0,"13":0,"14":0,"15":0,"16":0,"17":0,"18":0,"19":0,"20":0,"21":0,"22":0,"23":1},"f":{"0":0,"1":0},"b":{"0":[0,0],"1":[0,0]},"_coverageSchema":"1a1c01bbd47fc00a2c39e90264f33305004495a9","hash":"18b27d01dd25aed956cbd37dbf48f27cdfd79fae"}
,"C:\\Users\\Intel\\Desktop\\Exercise\\23-topshiriq\\startup\\config.js": {"path":"C:\\Users\\Intel\\Desktop\\Exercise\\23-topshiriq\\startup\\config.js","statementMap":{"0":{"start":{"line":1,"column":15},"end":{"line":1,"column":32}},"1":{"start":{"line":3,"column":0},"end":{"line":8,"column":1}},"2":{"start":{"line":4,"column":4},"end":{"line":6,"column":5}},"3":{"start":{"line":5,"column":8},"end":{"line":5,"column":103}}},"fnMap":{"0":{"name":"(anonymous_0)","decl":{"start":{"line":3,"column":17},"end":{"line":3,"column":18}},"loc":{"start":{"line":3,"column":29},"end":{"line":8,"column":1}},"line":3}},"branchMap":{"0":{"loc":{"start":{"line":4,"column":4},"end":{"line":6,"column":5}},"type":"if","locations":[{"start":{"line":4,"column":4},"end":{"line":6,"column":5}},{"start":{},"end":{}}],"line":4}},"s":{"0":1,"1":1,"2":1,"3":0},"f":{"0":1},"b":{"0":[0,1]},"_coverageSchema":"1a1c01bbd47fc00a2c39e90264f33305004495a9","hash":"683b81c2ae6ea267d577879280040969cc1c9aaa"}
,"C:\\Users\\Intel\\Desktop\\Exercise\\23-topshiriq\\startup\\db.js": {"path":"C:\\Users\\Intel\\Desktop\\Exercise\\23-topshiriq\\startup\\db.js","statementMap":{"0":{"start":{"line":1,"column":17},"end":{"line":1,"column":36}},"1":{"start":{"line":2,"column":16},"end":{"line":2,"column":34}},"2":{"start":{"line":3,"column":15},"end":{"line":3,"column":32}},"3":{"start":{"line":5,"column":0},"end":{"line":10,"column":1}},"4":{"start":{"line":6,"column":4},"end":{"line":9,"column":11}},"5":{"start":{"line":8,"column":12},"end":{"line":8,"column":47}}},"fnMap":{"0":{"name":"(anonymous_0)","decl":{"start":{"line":5,"column":17},"end":{"line":5,"column":18}},"loc":{"start":{"line":5,"column":29},"end":{"line":10,"column":1}},"line":5},"1":{"name":"(anonymous_1)","decl":{"start":{"line":7,"column":14},"end":{"line":7,"column":15}},"loc":{"start":{"line":7,"column":20},"end":{"line":9,"column":9}},"line":7}},"branchMap":{},"s":{"0":1,"1":1,"2":1,"3":1,"4":1,"5":1},"f":{"0":1,"1":1},"b":{},"_coverageSchema":"1a1c01bbd47fc00a2c39e90264f33305004495a9","hash":"387fde0b97f1b52f794b80359d379c769e57308f"}
,"C:\\Users\\Intel\\Desktop\\Exercise\\23-topshiriq\\startup\\logging.js": {"path":"C:\\Users\\Intel\\Desktop\\Exercise\\23-topshiriq\\startup\\logging.js","statementMap":{"0":{"start":{"line":1,"column":0},"end":{"line":1,"column":32}},"1":{"start":{"line":2,"column":16},"end":{"line":2,"column":34}},"2":{"start":{"line":3,"column":0},"end":{"line":3,"column":27}},"3":{"start":{"line":5,"column":0},"end":{"line":14,"column":1}},"4":{"start":{"line":6,"column":4},"end":{"line":6,"column":50}},"5":{"start":{"line":7,"column":4},"end":{"line":7,"column":95}},"6":{"start":{"line":8,"column":4},"end":{"line":8,"column":112}},"7":{"start":{"line":9,"column":4},"end":{"line":9,"column":142}},"8":{"start":{"line":10,"column":4},"end":{"line":12,"column":7}},"9":{"start":{"line":11,"column":8},"end":{"line":11,"column":17}}},"fnMap":{"0":{"name":"(anonymous_0)","decl":{"start":{"line":5,"column":17},"end":{"line":5,"column":18}},"loc":{"start":{"line":5,"column":29},"end":{"line":14,"column":1}},"line":5},"1":{"name":"(anonymous_1)","decl":{"start":{"line":10,"column":37},"end":{"line":10,"column":38}},"loc":{"start":{"line":10,"column":43},"end":{"line":12,"column":5}},"line":10}},"branchMap":{},"s":{"0":1,"1":1,"2":1,"3":1,"4":1,"5":1,"6":1,"7":1,"8":1,"9":0},"f":{"0":1,"1":0},"b":{},"_coverageSchema":"1a1c01bbd47fc00a2c39e90264f33305004495a9","hash":"b196f47253313706cb880d908729d541578cfbd4"}
,"C:\\Users\\Intel\\Desktop\\Exercise\\23-topshiriq\\startup\\routes.js": {"path":"C:\\Users\\Intel\\Desktop\\Exercise\\23-topshiriq\\startup\\routes.js","statementMap":{"0":{"start":{"line":1,"column":16},"end":{"line":1,"column":34}},"1":{"start":{"line":2,"column":24},"end":{"line":2,"column":54}},"2":{"start":{"line":3,"column":24},"end":{"line":3,"column":55}},"3":{"start":{"line":4,"column":23},"end":{"line":4,"column":53}},"4":{"start":{"line":5,"column":22},"end":{"line":5,"column":51}},"5":{"start":{"line":6,"column":24},"end":{"line":6,"column":56}},"6":{"start":{"line":7,"column":19},"end":{"line":7,"column":45}},"7":{"start":{"line":8,"column":18},"end":{"line":8,"column":43}},"8":{"start":{"line":10,"column":0},"end":{"line":20,"column":1}},"9":{"start":{"line":11,"column":4},"end":{"line":11,"column":28}},"10":{"start":{"line":12,"column":4},"end":{"line":12,"column":48}},"11":{"start":{"line":13,"column":4},"end":{"line":13,"column":46}},"12":{"start":{"line":14,"column":4},"end":{"line":14,"column":44}},"13":{"start":{"line":15,"column":4},"end":{"line":15,"column":49}},"14":{"start":{"line":16,"column":4},"end":{"line":16,"column":38}},"15":{"start":{"line":17,"column":4},"end":{"line":17,"column":36}},"16":{"start":{"line":18,"column":4},"end":{"line":18,"column":29}}},"fnMap":{"0":{"name":"(anonymous_0)","decl":{"start":{"line":10,"column":17},"end":{"line":10,"column":18}},"loc":{"start":{"line":10,"column":32},"end":{"line":20,"column":1}},"line":10}},"branchMap":{},"s":{"0":1,"1":1,"2":1,"3":1,"4":1,"5":1,"6":1,"7":1,"8":1,"9":1,"10":1,"11":1,"12":1,"13":1,"14":1,"15":1,"16":1},"f":{"0":1},"b":{},"_coverageSchema":"1a1c01bbd47fc00a2c39e90264f33305004495a9","hash":"a4ee8223a18991829e4c93eaa0a1800599fd8489"}
}
